<?xml version="1.0" encoding="UTF-8"?>
<!-- Generated by org.testng.reporters.JUnitReportReporter -->
<testsuite hostname="LAPTOP-R5VKAM7P" failures="0" tests="6" name="com.aqms.log.AirQualityMonitoringSystemLog" time="2.111" errors="0" timestamp="2022-11-30T19:31:13 IST" skipped="0">
  <testcase classname="com.aqms.log.AirQualityMonitoringSystemLog" name="getAllLog" time="1.901"/>
  <system-out/>
  <testcase classname="com.aqms.log.AirQualityMonitoringSystemLog" name="getBodyLog" time="0.032"/>
  <system-out/>
  <testcase classname="com.aqms.log.AirQualityMonitoringSystemLog" name="getCookiesLog" time="0.047"/>
  <system-out/>
  <testcase classname="com.aqms.log.AirQualityMonitoringSystemLog" name="logIfError" time="0.027"/>
  <system-out/>
  <testcase classname="com.aqms.log.AirQualityMonitoringSystemLog" name="getHeadersLog" time="0.038"/>
  <system-out/>
  <testcase classname="com.aqms.log.AirQualityMonitoringSystemLog" name="logIfValidationFails" time="0.066"/>
  <system-out/>
</testsuite> <!-- com.aqms.log.AirQualityMonitoringSystemLog -->
