<?xml version="1.0" encoding="UTF-8"?>
<!-- Generated by org.testng.reporters.JUnitReportReporter -->
<testsuite hostname="LAPTOP-R5VKAM7P" failures="0" tests="5" name="com.aqms.test.AQMSApplicationTest" time="2.166" errors="0" timestamp="2022-11-30T16:04:40 IST" skipped="0">
  <testcase classname="com.aqms.test.AQMSApplicationTest" name="updateGasData" time="0.033"/>
  <system-out/>
  <testcase classname="com.aqms.test.AQMSApplicationTest" name="getAllTest" time="0.031"/>
  <system-out/>
  <testcase classname="com.aqms.test.AQMSApplicationTest" name="addGasData" time="1.995"/>
  <system-out/>
  <testcase classname="com.aqms.test.AQMSApplicationTest" name="deleteGasData" time="0.069"/>
  <system-out/>
  <testcase classname="com.aqms.test.AQMSApplicationTest" name="getOneGasData" time="0.038"/>
  <system-out/>
</testsuite> <!-- com.aqms.test.AQMSApplicationTest -->
