<?xml version="1.0" encoding="UTF-8"?>
<!-- Generated by org.testng.reporters.JUnitReportReporter -->
<testsuite hostname="LAPTOP-R5VKAM7P" failures="0" tests="5" name="com.aqms.test.AQMSApplicationTest" time="1.436" errors="0" timestamp="2022-11-30T09:04:06 IST" skipped="0">
  <testcase classname="com.aqms.test.AQMSApplicationTest" name="updateGasData" time="0.028"/>
  <system-out/>
  <testcase classname="com.aqms.test.AQMSApplicationTest" name="deleteGasData" time="0.043"/>
  <system-out/>
  <testcase classname="com.aqms.test.AQMSApplicationTest" name="getOneGasData" time="0.026"/>
  <system-out/>
  <testcase classname="com.aqms.test.AQMSApplicationTest" name="addGasData" time="1.311"/>
  <system-out/>
  <testcase classname="com.aqms.test.AQMSApplicationTest" name="getAllTest" time="0.028"/>
  <system-out/>
</testsuite> <!-- com.aqms.test.AQMSApplicationTest -->
